<?xml version="1.0" encoding="UTF-8"?>
<!-- Generated by org.testng.reporters.JUnitReportReporter -->
<testsuite hostname="Hanuman" failures="0" tests="5" name="com.qa.opencart.tests.HomePageTest" time="1.950" errors="0" timestamp="2025-08-05T17:36:41 IST" skipped="0">
  <testcase classname="com.qa.opencart.tests.HomePageTest" name="searchTest" time="0.711"/>
  <testcase classname="com.qa.opencart.tests.HomePageTest" name="searchTest" time="0.664"/>
  <testcase classname="com.qa.opencart.tests.HomePageTest" name="homepageTitleTest" time="0.022"/>
  <testcase classname="com.qa.opencart.tests.HomePageTest" name="homepageURLTest" time="0.006"/>
  <testcase classname="com.qa.opencart.tests.HomePageTest" name="searchTest" time="0.547"/>
</testsuite> <!-- com.qa.opencart.tests.HomePageTest -->
