<?xml version="1.0" encoding="UTF-8"?>
<!-- Generated by org.testng.reporters.JUnitReportReporter -->
<testsuite hostname="Hanuman" failures="0" tests="5" name="com.qa.opencart.tests.HomePageTest" time="2.121" errors="0" timestamp="2025-08-02T19:57:28 IST" skipped="0">
  <testcase classname="com.qa.opencart.tests.HomePageTest" name="searchTest" time="0.633"/>
  <testcase classname="com.qa.opencart.tests.HomePageTest" name="homepageTitleTest" time="0.182"/>
  <testcase classname="com.qa.opencart.tests.HomePageTest" name="searchTest" time="0.682"/>
  <testcase classname="com.qa.opencart.tests.HomePageTest" name="homepageURLTest" time="0.004"/>
  <testcase classname="com.qa.opencart.tests.HomePageTest" name="searchTest" time="0.620"/>
</testsuite> <!-- com.qa.opencart.tests.HomePageTest -->
