<?xml version="1.0" encoding="UTF-8"?>
<!-- Generated by org.testng.reporters.JUnitReportReporter -->
<testsuite hostname="Hanuman" failures="0" tests="5" name="com.qa.opencart.tests.HomePageTest" time="2.177" errors="0" timestamp="2025-08-05T19:09:44 IST" skipped="0">
  <testcase classname="com.qa.opencart.tests.HomePageTest" name="searchTest" time="0.701"/>
  <testcase classname="com.qa.opencart.tests.HomePageTest" name="homepageTitleTest" time="0.018"/>
  <testcase classname="com.qa.opencart.tests.HomePageTest" name="searchTest" time="0.718"/>
  <testcase classname="com.qa.opencart.tests.HomePageTest" name="searchTest" time="0.737"/>
  <testcase classname="com.qa.opencart.tests.HomePageTest" name="homepageURLTest" time="0.003"/>
</testsuite> <!-- com.qa.opencart.tests.HomePageTest -->
