<?xml version="1.0" encoding="UTF-8"?>
<!-- Generated by org.testng.reporters.JUnitReportReporter -->
<testsuite hostname="Hanuman" failures="0" tests="5" name="com.qa.opencart.tests.HomePageTest" time="2.839" errors="0" timestamp="2025-08-05T18:40:21 IST" skipped="0">
  <testcase classname="com.qa.opencart.tests.HomePageTest" name="searchTest" time="1.001"/>
  <testcase classname="com.qa.opencart.tests.HomePageTest" name="searchTest" time="0.921"/>
  <testcase classname="com.qa.opencart.tests.HomePageTest" name="homepageURLTest" time="0.004"/>
  <testcase classname="com.qa.opencart.tests.HomePageTest" name="homepageTitleTest" time="0.017"/>
  <testcase classname="com.qa.opencart.tests.HomePageTest" name="searchTest" time="0.896"/>
</testsuite> <!-- com.qa.opencart.tests.HomePageTest -->
